#
# There is insufficient memory for the Java Runtime Environment to continue.
# Native memory allocation (malloc) failed to allocate 1941776 bytes for Chunk::new
# Possible reasons:
#   The system is out of physical RAM or swap space
#   The process is running with CompressedOops enabled, and the Java Heap may be blocking the growth of the native heap
# Possible solutions:
#   Reduce memory load on the system
#   Increase physical memory or swap space
#   Check if swap backing store is full
#   Decrease Java heap size (-Xmx/-Xms)
#   Decrease number of Java threads
#   Decrease Java thread stack sizes (-Xss)
#   Set larger code cache with -XX:ReservedCodeCacheSize=
#   JVM is running with Unscaled Compressed Oops mode in which the Java heap is
#     placed in the first 4GB address space. The Java Heap base address is the
#     maximum limit for the native heap growth. Please use -XX:HeapBaseMinAddress
#     to set the Java Heap base and to place the Java Heap above 4GB virtual address.
# This output file may be truncated or incomplete.
#
#  Out of Memory Error (arena.cpp:189), pid=11100, tid=13912
#
# JRE version: OpenJDK Runtime Environment Corretto-17.0.6.10.1 (17.0.6+10) (build 17.0.6+10-LTS)
# Java VM: OpenJDK 64-Bit Server VM Corretto-17.0.6.10.1 (17.0.6+10-LTS, mixed mode, sharing, tiered, compressed oops, compressed class ptrs, g1 gc, windows-amd64)
# No core dump will be written. Minidumps are not enabled by default on client versions of Windows
#

---------------  S U M M A R Y ------------

Command Line: -javaagent:D:\IntelliJ IDEA Community Edition 2023.1\lib\idea_rt.jar=53140:D:\IntelliJ IDEA Community Edition 2023.1\bin -Dfile.encoding=UTF-8 com.cawe.poemon.PoemonApplication

Host: Intel(R) Core(TM) i5-3230M CPU @ 2.60GHz, 4 cores, 7G,  Windows 10 , 64 bit Build 19041 (10.0.19041.2913)
Time: Mon May 15 14:17:10 2023 Hora oficial do Brasil elapsed time: 4.261060 seconds (0d 0h 0m 4s)

---------------  T H R E A D  ---------------

Current thread (0x000001d7508ddc90):  JavaThread "C2 CompilerThread0" daemon [_thread_in_native, id=13912, stack(0x0000000101300000,0x0000000101400000)]


Current CompileTask:
C2:   4261 2728       4       jdk.internal.org.objectweb.asm.Frame::execute (2305 bytes)

Stack: [0x0000000101300000,0x0000000101400000]
Native frames: (J=compiled Java code, j=interpreted, Vv=VM code, C=native code)
V  [jvm.dll+0x64b39a]
V  [jvm.dll+0x7ff044]
V  [jvm.dll+0x8007fe]
V  [jvm.dll+0x800e53]
V  [jvm.dll+0x235848]
V  [jvm.dll+0xbce6c]
V  [jvm.dll+0xbd44c]
V  [jvm.dll+0x34f252]
V  [jvm.dll+0x319ccf]
V  [jvm.dll+0x31910a]
V  [jvm.dll+0x209ca5]
V  [jvm.dll+0x209237]
V  [jvm.dll+0x19926d]
V  [jvm.dll+0x2185dd]
V  [jvm.dll+0x216824]
V  [jvm.dll+0x7b77bb]
V  [jvm.dll+0x7b1d6a]
V  [jvm.dll+0x64a265]
C  [ucrtbase.dll+0x21bb2]
C  [KERNEL32.DLL+0x17614]
C  [ntdll.dll+0x526a1]


---------------  P R O C E S S  ---------------

Threads class SMR info:
_java_thread_list=0x000001d751e9fee0, length=14, elements={
0x000001d733127600, 0x000001d7508ba9d0, 0x000001d7508bd650, 0x000001d7508cbd60,
0x000001d7508cd720, 0x000001d7508ce0d0, 0x000001d7508d4fa0, 0x000001d7508ddc90,
0x000001d7508e1360, 0x000001d7508f4960, 0x000001d7508a3a20, 0x000001d75154f290,
0x000001d751808070, 0x000001d751e05040
}

Java Threads: ( => current thread )
  0x000001d733127600 JavaThread "main" [_thread_in_native, id=5288, stack(0x0000000100500000,0x0000000100600000)]
  0x000001d7508ba9d0 JavaThread "Reference Handler" daemon [_thread_blocked, id=7648, stack(0x0000000100c00000,0x0000000100d00000)]
  0x000001d7508bd650 JavaThread "Finalizer" daemon [_thread_blocked, id=1096, stack(0x0000000100d00000,0x0000000100e00000)]
  0x000001d7508cbd60 JavaThread "Signal Dispatcher" daemon [_thread_blocked, id=5788, stack(0x0000000100f00000,0x0000000101000000)]
  0x000001d7508cd720 JavaThread "Attach Listener" daemon [_thread_blocked, id=4636, stack(0x0000000101000000,0x0000000101100000)]
  0x000001d7508ce0d0 JavaThread "Service Thread" daemon [_thread_blocked, id=13840, stack(0x0000000101100000,0x0000000101200000)]
  0x000001d7508d4fa0 JavaThread "Monitor Deflation Thread" daemon [_thread_blocked, id=7796, stack(0x0000000101200000,0x0000000101300000)]
=>0x000001d7508ddc90 JavaThread "C2 CompilerThread0" daemon [_thread_in_native, id=13912, stack(0x0000000101300000,0x0000000101400000)]
  0x000001d7508e1360 JavaThread "C1 CompilerThread0" daemon [_thread_blocked, id=600, stack(0x0000000101400000,0x0000000101500000)]
  0x000001d7508f4960 JavaThread "Sweeper thread" daemon [_thread_blocked, id=14812, stack(0x0000000101500000,0x0000000101600000)]
  0x000001d7508a3a20 JavaThread "Common-Cleaner" daemon [_thread_blocked, id=1140, stack(0x0000000101600000,0x0000000101700000)]
  0x000001d75154f290 JavaThread "Monitor Ctrl-Break" daemon [_thread_in_native, id=15560, stack(0x0000000101700000,0x0000000101800000)]
  0x000001d751808070 JavaThread "Notification Thread" daemon [_thread_blocked, id=15480, stack(0x0000000101800000,0x0000000101900000)]
  0x000001d751e05040 JavaThread "C2 CompilerThread1" daemon [_thread_in_native, id=9560, stack(0x0000000101d00000,0x0000000101e00000)]

Other Threads:
  0x000001d7508b35a0 VMThread "VM Thread" [stack: 0x0000000100b00000,0x0000000100c00000] [id=9816]
  0x000001d7331285b0 WatcherThread [stack: 0x0000000101900000,0x0000000101a00000] [id=8880]
  0x000001d73317fda0 GCTaskThread "GC Thread#0" [stack: 0x0000000100600000,0x0000000100700000] [id=4828]
  0x000001d751bf6390 GCTaskThread "GC Thread#1" [stack: 0x0000000101a00000,0x0000000101b00000] [id=14036]
  0x000001d751a25fd0 GCTaskThread "GC Thread#2" [stack: 0x0000000101b00000,0x0000000101c00000] [id=12184]
  0x000001d751cf1980 GCTaskThread "GC Thread#3" [stack: 0x0000000101c00000,0x0000000101d00000] [id=17156]
  0x000001d73318ff60 ConcurrentGCThread "G1 Main Marker" [stack: 0x0000000100700000,0x0000000100800000] [id=14576]
  0x000001d7331912f0 ConcurrentGCThread "G1 Conc#0" [stack: 0x0000000100800000,0x0000000100900000] [id=11704]
  0x000001d7331f68c0 ConcurrentGCThread "G1 Refine#0" [stack: 0x0000000100900000,0x0000000100a00000] [id=9124]
  0x000001d7331f82f0 ConcurrentGCThread "G1 Service" [stack: 0x0000000100a00000,0x0000000100b00000] [id=832]

Threads with active compile tasks:
C2 CompilerThread0     4308 2728       4       jdk.internal.org.objectweb.asm.Frame::execute (2305 bytes)
C2 CompilerThread1     4308 2744       4       org.springframework.boot.context.properties.source.ConfigurationPropertyName$ElementsParser::parse (234 bytes)

VM state: not at safepoint (normal execution)

VM Mutex/Monitor currently owned by a thread: None

Heap address: 0x0000000086c00000, size: 1940 MB, Compressed Oops mode: 32-bit

CDS archive(s) mapped at: [0x0000000800000000-0x0000000800bc0000-0x0000000800bc0000), size 12320768, SharedBaseAddress: 0x0000000800000000, ArchiveRelocationMode: 0.
Compressed class space mapped at: 0x0000000800c00000-0x0000000840c00000, reserved size: 1073741824
Narrow klass base: 0x0000000800000000, Narrow klass shift: 0, Narrow klass range: 0x100000000

GC Precious Log:
 CPUs: 4 total, 4 available
 Memory: 7757M
 Large Page Support: Disabled
 NUMA Support: Disabled
 Compressed Oops: Enabled (32-bit)
 Heap Region Size: 1M
 Heap Min Capacity: 8M
 Heap Initial Capacity: 122M
 Heap Max Capacity: 1940M
 Pre-touch: Disabled
 Parallel Workers: 4
 Concurrent Workers: 1
 Concurrent Refinement Workers: 4
 Periodic GC: Disabled

Heap:
 garbage-first heap   total 124928K, used 39440K [0x0000000086c00000, 0x0000000100000000)
  region size 1024K, 37 young (37888K), 3 survivors (3072K)
 Metaspace       used 20192K, committed 20480K, reserved 1073152K
  class space    used 2535K, committed 2688K, reserved 1048576K

Heap Regions: E=young(eden), S=young(survivor), O=old, HS=humongous(starts), HC=humongous(continues), CS=collection set, F=free, OA=open archive, CA=closed archive, TAMS=top-at-mark-start (previous, next)
|   0|0x0000000086c00000, 0x0000000086d00000, 0x0000000086d00000|100%| O|  |TAMS 0x0000000086c00000, 0x0000000086c00000| Untracked 
|   1|0x0000000086d00000, 0x0000000086e00000, 0x0000000086e00000|100%| O|  |TAMS 0x0000000086d00000, 0x0000000086d00000| Untracked 
|   2|0x0000000086e00000, 0x0000000086f00000, 0x0000000086f00000|100%| O|  |TAMS 0x0000000086e00000, 0x0000000086e00000| Untracked 
|   3|0x0000000086f00000, 0x0000000086f84000, 0x0000000087000000| 51%| O|  |TAMS 0x0000000086f00000, 0x0000000086f00000| Untracked 
|   4|0x0000000087000000, 0x0000000087000000, 0x0000000087100000|  0%| F|  |TAMS 0x0000000087000000, 0x0000000087000000| Untracked 
|   5|0x0000000087100000, 0x0000000087100000, 0x0000000087200000|  0%| F|  |TAMS 0x0000000087100000, 0x0000000087100000| Untracked 
|   6|0x0000000087200000, 0x0000000087200000, 0x0000000087300000|  0%| F|  |TAMS 0x0000000087200000, 0x0000000087200000| Untracked 
|   7|0x0000000087300000, 0x0000000087300000, 0x0000000087400000|  0%| F|  |TAMS 0x0000000087300000, 0x0000000087300000| Untracked 
|   8|0x0000000087400000, 0x0000000087400000, 0x0000000087500000|  0%| F|  |TAMS 0x0000000087400000, 0x0000000087400000| Untracked 
|   9|0x0000000087500000, 0x0000000087500000, 0x0000000087600000|  0%| F|  |TAMS 0x0000000087500000, 0x0000000087500000| Untracked 
|  10|0x0000000087600000, 0x0000000087600000, 0x0000000087700000|  0%| F|  |TAMS 0x0000000087600000, 0x0000000087600000| Untracked 
|  11|0x0000000087700000, 0x0000000087700000, 0x0000000087800000|  0%| F|  |TAMS 0x0000000087700000, 0x0000000087700000| Untracked 
|  12|0x0000000087800000, 0x0000000087800000, 0x0000000087900000|  0%| F|  |TAMS 0x0000000087800000, 0x0000000087800000| Untracked 
|  13|0x0000000087900000, 0x0000000087900000, 0x0000000087a00000|  0%| F|  |TAMS 0x0000000087900000, 0x0000000087900000| Untracked 
|  14|0x0000000087a00000, 0x0000000087a00000, 0x0000000087b00000|  0%| F|  |TAMS 0x0000000087a00000, 0x0000000087a00000| Untracked 
|  15|0x0000000087b00000, 0x0000000087b00000, 0x0000000087c00000|  0%| F|  |TAMS 0x0000000087b00000, 0x0000000087b00000| Untracked 
|  16|0x0000000087c00000, 0x0000000087c00000, 0x0000000087d00000|  0%| F|  |TAMS 0x0000000087c00000, 0x0000000087c00000| Untracked 
|  17|0x0000000087d00000, 0x0000000087d00000, 0x0000000087e00000|  0%| F|  |TAMS 0x0000000087d00000, 0x0000000087d00000| Untracked 
|  18|0x0000000087e00000, 0x0000000087e00000, 0x0000000087f00000|  0%| F|  |TAMS 0x0000000087e00000, 0x0000000087e00000| Untracked 
|  19|0x0000000087f00000, 0x0000000087f00000, 0x0000000088000000|  0%| F|  |TAMS 0x0000000087f00000, 0x0000000087f00000| Untracked 
|  20|0x0000000088000000, 0x0000000088000000, 0x0000000088100000|  0%| F|  |TAMS 0x0000000088000000, 0x0000000088000000| Untracked 
|  21|0x0000000088100000, 0x0000000088100000, 0x0000000088200000|  0%| F|  |TAMS 0x0000000088100000, 0x0000000088100000| Untracked 
|  22|0x0000000088200000, 0x0000000088200000, 0x0000000088300000|  0%| F|  |TAMS 0x0000000088200000, 0x0000000088200000| Untracked 
|  23|0x0000000088300000, 0x0000000088300000, 0x0000000088400000|  0%| F|  |TAMS 0x0000000088300000, 0x0000000088300000| Untracked 
|  24|0x0000000088400000, 0x0000000088400000, 0x0000000088500000|  0%| F|  |TAMS 0x0000000088400000, 0x0000000088400000| Untracked 
|  25|0x0000000088500000, 0x0000000088500000, 0x0000000088600000|  0%| F|  |TAMS 0x0000000088500000, 0x0000000088500000| Untracked 
|  26|0x0000000088600000, 0x0000000088600000, 0x0000000088700000|  0%| F|  |TAMS 0x0000000088600000, 0x0000000088600000| Untracked 
|  27|0x0000000088700000, 0x0000000088700000, 0x0000000088800000|  0%| F|  |TAMS 0x0000000088700000, 0x0000000088700000| Untracked 
|  28|0x0000000088800000, 0x0000000088800000, 0x0000000088900000|  0%| F|  |TAMS 0x0000000088800000, 0x0000000088800000| Untracked 
|  29|0x0000000088900000, 0x0000000088900000, 0x0000000088a00000|  0%| F|  |TAMS 0x0000000088900000, 0x0000000088900000| Untracked 
|  30|0x0000000088a00000, 0x0000000088a00000, 0x0000000088b00000|  0%| F|  |TAMS 0x0000000088a00000, 0x0000000088a00000| Untracked 
|  31|0x0000000088b00000, 0x0000000088b00000, 0x0000000088c00000|  0%| F|  |TAMS 0x0000000088b00000, 0x0000000088b00000| Untracked 
|  32|0x0000000088c00000, 0x0000000088c00000, 0x0000000088d00000|  0%| F|  |TAMS 0x0000000088c00000, 0x0000000088c00000| Untracked 
|  33|0x0000000088d00000, 0x0000000088d00000, 0x0000000088e00000|  0%| F|  |TAMS 0x0000000088d00000, 0x0000000088d00000| Untracked 
|  34|0x0000000088e00000, 0x0000000088e00000, 0x0000000088f00000|  0%| F|  |TAMS 0x0000000088e00000, 0x0000000088e00000| Untracked 
|  35|0x0000000088f00000, 0x0000000088f00000, 0x0000000089000000|  0%| F|  |TAMS 0x0000000088f00000, 0x0000000088f00000| Untracked 
|  36|0x0000000089000000, 0x0000000089000000, 0x0000000089100000|  0%| F|  |TAMS 0x0000000089000000, 0x0000000089000000| Untracked 
|  37|0x0000000089100000, 0x0000000089100000, 0x0000000089200000|  0%| F|  |TAMS 0x0000000089100000, 0x0000000089100000| Untracked 
|  38|0x0000000089200000, 0x0000000089200000, 0x0000000089300000|  0%| F|  |TAMS 0x0000000089200000, 0x0000000089200000| Untracked 
|  39|0x0000000089300000, 0x0000000089300000, 0x0000000089400000|  0%| F|  |TAMS 0x0000000089300000, 0x0000000089300000| Untracked 
|  40|0x0000000089400000, 0x0000000089400000, 0x0000000089500000|  0%| F|  |TAMS 0x0000000089400000, 0x0000000089400000| Untracked 
|  41|0x0000000089500000, 0x0000000089500000, 0x0000000089600000|  0%| F|  |TAMS 0x0000000089500000, 0x0000000089500000| Untracked 
|  42|0x0000000089600000, 0x0000000089600000, 0x0000000089700000|  0%| F|  |TAMS 0x0000000089600000, 0x0000000089600000| Untracked 
|  43|0x0000000089700000, 0x0000000089700000, 0x0000000089800000|  0%| F|  |TAMS 0x0000000089700000, 0x0000000089700000| Untracked 
|  44|0x0000000089800000, 0x0000000089800000, 0x0000000089900000|  0%| F|  |TAMS 0x0000000089800000, 0x0000000089800000| Untracked 
|  45|0x0000000089900000, 0x0000000089900000, 0x0000000089a00000|  0%| F|  |TAMS 0x0000000089900000, 0x0000000089900000| Untracked 
|  46|0x0000000089a00000, 0x0000000089a00000, 0x0000000089b00000|  0%| F|  |TAMS 0x0000000089a00000, 0x0000000089a00000| Untracked 
|  47|0x0000000089b00000, 0x0000000089b00000, 0x0000000089c00000|  0%| F|  |TAMS 0x0000000089b00000, 0x0000000089b00000| Untracked 
|  48|0x0000000089c00000, 0x0000000089c00000, 0x0000000089d00000|  0%| F|  |TAMS 0x0000000089c00000, 0x0000000089c00000| Untracked 
|  49|0x0000000089d00000, 0x0000000089d00000, 0x0000000089e00000|  0%| F|  |TAMS 0x0000000089d00000, 0x0000000089d00000| Untracked 
|  50|0x0000000089e00000, 0x0000000089e00000, 0x0000000089f00000|  0%| F|  |TAMS 0x0000000089e00000, 0x0000000089e00000| Untracked 
|  51|0x0000000089f00000, 0x0000000089f00000, 0x000000008a000000|  0%| F|  |TAMS 0x0000000089f00000, 0x0000000089f00000| Untracked 
|  52|0x000000008a000000, 0x000000008a000000, 0x000000008a100000|  0%| F|  |TAMS 0x000000008a000000, 0x000000008a000000| Untracked 
|  53|0x000000008a100000, 0x000000008a100000, 0x000000008a200000|  0%| F|  |TAMS 0x000000008a100000, 0x000000008a100000| Untracked 
|  54|0x000000008a200000, 0x000000008a200000, 0x000000008a300000|  0%| F|  |TAMS 0x000000008a200000, 0x000000008a200000| Untracked 
|  55|0x000000008a300000, 0x000000008a300000, 0x000000008a400000|  0%| F|  |TAMS 0x000000008a300000, 0x000000008a300000| Untracked 
|  56|0x000000008a400000, 0x000000008a400000, 0x000000008a500000|  0%| F|  |TAMS 0x000000008a400000, 0x000000008a400000| Untracked 
|  57|0x000000008a500000, 0x000000008a500000, 0x000000008a600000|  0%| F|  |TAMS 0x000000008a500000, 0x000000008a500000| Untracked 
|  58|0x000000008a600000, 0x000000008a600000, 0x000000008a700000|  0%| F|  |TAMS 0x000000008a600000, 0x000000008a600000| Untracked 
|  59|0x000000008a700000, 0x000000008a700000, 0x000000008a800000|  0%| F|  |TAMS 0x000000008a700000, 0x000000008a700000| Untracked 
|  60|0x000000008a800000, 0x000000008a800000, 0x000000008a900000|  0%| F|  |TAMS 0x000000008a800000, 0x000000008a800000| Untracked 
|  61|0x000000008a900000, 0x000000008a900000, 0x000000008aa00000|  0%| F|  |TAMS 0x000000008a900000, 0x000000008a900000| Untracked 
|  62|0x000000008aa00000, 0x000000008aa00000, 0x000000008ab00000|  0%| F|  |TAMS 0x000000008aa00000, 0x000000008aa00000| Untracked 
|  63|0x000000008ab00000, 0x000000008ab00000, 0x000000008ac00000|  0%| F|  |TAMS 0x000000008ab00000, 0x000000008ab00000| Untracked 
|  64|0x000000008ac00000, 0x000000008ac00000, 0x000000008ad00000|  0%| F|  |TAMS 0x000000008ac00000, 0x000000008ac00000| Untracked 
|  65|0x000000008ad00000, 0x000000008ad00000, 0x000000008ae00000|  0%| F|  |TAMS 0x000000008ad00000, 0x000000008ad00000| Untracked 
|  66|0x000000008ae00000, 0x000000008ae00000, 0x000000008af00000|  0%| F|  |TAMS 0x000000008ae00000, 0x000000008ae00000| Untracked 
|  67|0x000000008af00000, 0x000000008af00000, 0x000000008b000000|  0%| F|  |TAMS 0x000000008af00000, 0x000000008af00000| Untracked 
|  68|0x000000008b000000, 0x000000008b000000, 0x000000008b100000|  0%| F|  |TAMS 0x000000008b000000, 0x000000008b000000| Untracked 
|  69|0x000000008b100000, 0x000000008b100000, 0x000000008b200000|  0%| F|  |TAMS 0x000000008b100000, 0x000000008b100000| Untracked 
|  70|0x000000008b200000, 0x000000008b200000, 0x000000008b300000|  0%| F|  |TAMS 0x000000008b200000, 0x000000008b200000| Untracked 
|  71|0x000000008b300000, 0x000000008b300000, 0x000000008b400000|  0%| F|  |TAMS 0x000000008b300000, 0x000000008b300000| Untracked 
|  72|0x000000008b400000, 0x000000008b400000, 0x000000008b500000|  0%| F|  |TAMS 0x000000008b400000, 0x000000008b400000| Untracked 
|  73|0x000000008b500000, 0x000000008b500000, 0x000000008b600000|  0%| F|  |TAMS 0x000000008b500000, 0x000000008b500000| Untracked 
|  74|0x000000008b600000, 0x000000008b600000, 0x000000008b700000|  0%| F|  |TAMS 0x000000008b600000, 0x000000008b600000| Untracked 
|  75|0x000000008b700000, 0x000000008b700000, 0x000000008b800000|  0%| F|  |TAMS 0x000000008b700000, 0x000000008b700000| Untracked 
|  76|0x000000008b800000, 0x000000008b800000, 0x000000008b900000|  0%| F|  |TAMS 0x000000008b800000, 0x000000008b800000| Untracked 
|  77|0x000000008b900000, 0x000000008b900000, 0x000000008ba00000|  0%| F|  |TAMS 0x000000008b900000, 0x000000008b900000| Untracked 
|  78|0x000000008ba00000, 0x000000008ba00000, 0x000000008bb00000|  0%| F|  |TAMS 0x000000008ba00000, 0x000000008ba00000| Untracked 
|  79|0x000000008bb00000, 0x000000008bb00000, 0x000000008bc00000|  0%| F|  |TAMS 0x000000008bb00000, 0x000000008bb00000| Untracked 
|  80|0x000000008bc00000, 0x000000008bc00000, 0x000000008bd00000|  0%| F|  |TAMS 0x000000008bc00000, 0x000000008bc00000| Untracked 
|  81|0x000000008bd00000, 0x000000008bd00000, 0x000000008be00000|  0%| F|  |TAMS 0x000000008bd00000, 0x000000008bd00000| Untracked 
|  82|0x000000008be00000, 0x000000008be00000, 0x000000008bf00000|  0%| F|  |TAMS 0x000000008be00000, 0x000000008be00000| Untracked 
|  83|0x000000008bf00000, 0x000000008bf00000, 0x000000008c000000|  0%| F|  |TAMS 0x000000008bf00000, 0x000000008bf00000| Untracked 
|  84|0x000000008c000000, 0x000000008c000000, 0x000000008c100000|  0%| F|  |TAMS 0x000000008c000000, 0x000000008c000000| Untracked 
|  85|0x000000008c100000, 0x000000008c200000, 0x000000008c200000|100%| E|  |TAMS 0x000000008c100000, 0x000000008c100000| Complete 
|  86|0x000000008c200000, 0x000000008c300000, 0x000000008c300000|100%| E|CS|TAMS 0x000000008c200000, 0x000000008c200000| Complete 
|  87|0x000000008c300000, 0x000000008c400000, 0x000000008c400000|100%| E|CS|TAMS 0x000000008c300000, 0x000000008c300000| Complete 
|  88|0x000000008c400000, 0x000000008c500000, 0x000000008c500000|100%| E|CS|TAMS 0x000000008c400000, 0x000000008c400000| Complete 
|  89|0x000000008c500000, 0x000000008c600000, 0x000000008c600000|100%| E|CS|TAMS 0x000000008c500000, 0x000000008c500000| Complete 
|  90|0x000000008c600000, 0x000000008c700000, 0x000000008c700000|100%| E|CS|TAMS 0x000000008c600000, 0x000000008c600000| Complete 
|  91|0x000000008c700000, 0x000000008c800000, 0x000000008c800000|100%| E|CS|TAMS 0x000000008c700000, 0x000000008c700000| Complete 
|  92|0x000000008c800000, 0x000000008c900000, 0x000000008c900000|100%| E|CS|TAMS 0x000000008c800000, 0x000000008c800000| Complete 
|  93|0x000000008c900000, 0x000000008ca00000, 0x000000008ca00000|100%| E|CS|TAMS 0x000000008c900000, 0x000000008c900000| Complete 
|  94|0x000000008ca00000, 0x000000008cb00000, 0x000000008cb00000|100%| S|CS|TAMS 0x000000008ca00000, 0x000000008ca00000| Complete 
|  95|0x000000008cb00000, 0x000000008cc00000, 0x000000008cc00000|100%| S|CS|TAMS 0x000000008cb00000, 0x000000008cb00000| Complete 
|  96|0x000000008cc00000, 0x000000008cd00000, 0x000000008cd00000|100%| S|CS|TAMS 0x000000008cc00000, 0x000000008cc00000| Complete 
|  97|0x000000008cd00000, 0x000000008ce00000, 0x000000008ce00000|100%| E|CS|TAMS 0x000000008cd00000, 0x000000008cd00000| Complete 
|  98|0x000000008ce00000, 0x000000008cf00000, 0x000000008cf00000|100%| E|CS|TAMS 0x000000008ce00000, 0x000000008ce00000| Complete 
|  99|0x000000008cf00000, 0x000000008d000000, 0x000000008d000000|100%| E|CS|TAMS 0x000000008cf00000, 0x000000008cf00000| Complete 
| 100|0x000000008d000000, 0x000000008d100000, 0x000000008d100000|100%| E|CS|TAMS 0x000000008d000000, 0x000000008d000000| Complete 
| 101|0x000000008d100000, 0x000000008d200000, 0x000000008d200000|100%| E|CS|TAMS 0x000000008d100000, 0x000000008d100000| Complete 
| 102|0x000000008d200000, 0x000000008d300000, 0x000000008d300000|100%| E|CS|TAMS 0x000000008d200000, 0x000000008d200000| Complete 
| 103|0x000000008d300000, 0x000000008d400000, 0x000000008d400000|100%| E|CS|TAMS 0x000000008d300000, 0x000000008d300000| Complete 
| 104|0x000000008d400000, 0x000000008d500000, 0x000000008d500000|100%| E|CS|TAMS 0x000000008d400000, 0x000000008d400000| Complete 
| 105|0x000000008d500000, 0x000000008d600000, 0x000000008d600000|100%| E|CS|TAMS 0x000000008d500000, 0x000000008d500000| Complete 
| 106|0x000000008d600000, 0x000000008d700000, 0x000000008d700000|100%| E|CS|TAMS 0x000000008d600000, 0x000000008d600000| Complete 
| 107|0x000000008d700000, 0x000000008d800000, 0x000000008d800000|100%| E|CS|TAMS 0x000000008d700000, 0x000000008d700000| Complete 
| 108|0x000000008d800000, 0x000000008d900000, 0x000000008d900000|100%| E|CS|TAMS 0x000000008d800000, 0x000000008d800000| Complete 
| 109|0x000000008d900000, 0x000000008da00000, 0x000000008da00000|100%| E|CS|TAMS 0x000000008d900000, 0x000000008d900000| Complete 
| 110|0x000000008da00000, 0x000000008db00000, 0x000000008db00000|100%| E|CS|TAMS 0x000000008da00000, 0x000000008da00000| Complete 
| 111|0x000000008db00000, 0x000000008dc00000, 0x000000008dc00000|100%| E|CS|TAMS 0x000000008db00000, 0x000000008db00000| Complete 
| 112|0x000000008dc00000, 0x000000008dd00000, 0x000000008dd00000|100%| E|CS|TAMS 0x000000008dc00000, 0x000000008dc00000| Complete 
| 113|0x000000008dd00000, 0x000000008de00000, 0x000000008de00000|100%| E|CS|TAMS 0x000000008dd00000, 0x000000008dd00000| Complete 
| 114|0x000000008de00000, 0x000000008df00000, 0x000000008df00000|100%| E|CS|TAMS 0x000000008de00000, 0x000000008de00000| Complete 
| 115|0x000000008df00000, 0x000000008e000000, 0x000000008e000000|100%| E|CS|TAMS 0x000000008df00000, 0x000000008df00000| Complete 
| 116|0x000000008e000000, 0x000000008e100000, 0x000000008e100000|100%| E|CS|TAMS 0x000000008e000000, 0x000000008e000000| Complete 
| 117|0x000000008e100000, 0x000000008e200000, 0x000000008e200000|100%| E|  |TAMS 0x000000008e100000, 0x000000008e100000| Complete 
| 118|0x000000008e200000, 0x000000008e300000, 0x000000008e300000|100%| E|CS|TAMS 0x000000008e200000, 0x000000008e200000| Complete 
| 119|0x000000008e300000, 0x000000008e400000, 0x000000008e400000|100%| E|CS|TAMS 0x000000008e300000, 0x000000008e300000| Complete 
| 120|0x000000008e400000, 0x000000008e500000, 0x000000008e500000|100%| E|CS|TAMS 0x000000008e400000, 0x000000008e400000| Complete 
| 121|0x000000008e500000, 0x000000008e600000, 0x000000008e600000|100%| E|CS|TAMS 0x000000008e500000, 0x000000008e500000| Complete 

Card table byte_map: [0x000001d74a000000,0x000001d74a3d0000] _byte_map_base: 0x000001d749bca000

Marking Bits (Prev, Next): (CMBitMap*) 0x000001d7331803b0, (CMBitMap*) 0x000001d7331803f0
 Prev Bits: [0x000001d74a7a0000, 0x000001d74c5f0000)
 Next Bits: [0x000001d74c5f0000, 0x000001d74e440000)

Polling page: 0x000001d730fd0000

Metaspace:

Usage:
  Non-class:     17.31 MB used.
      Class:      2.49 MB used.
       Both:     19.80 MB used.

Virtual space:
  Non-class space:       24.00 MB reserved,      17.50 MB ( 73%) committed,  3 nodes.
      Class space:        1.00 GB reserved,       2.63 MB ( <1%) committed,  1 nodes.
             Both:        1.02 GB reserved,      20.13 MB (  2%) committed. 

Chunk freelists:
   Non-Class:  2.48 MB
       Class:  1.34 MB
        Both:  3.81 MB

MaxMetaspaceSize: unlimited
CompressedClassSpaceSize: 1.00 GB
Initial GC threshold: 21.00 MB
Current GC threshold: 21.00 MB
CDS: on
MetaspaceReclaimPolicy: balanced
 - commit_granule_bytes: 65536.
 - commit_granule_words: 8192.
 - virtual_space_node_default_size: 1048576.
 - enlarge_chunks_in_place: 1.
 - new_chunks_are_fully_committed: 0.
 - uncommit_free_chunks: 1.
 - use_allocation_guard: 0.
 - handle_deallocations: 1.


Internal statistics:

num_allocs_failed_limit: 0.
num_arena_births: 372.
num_arena_deaths: 0.
num_vsnodes_births: 4.
num_vsnodes_deaths: 0.
num_space_committed: 322.
num_space_uncommitted: 0.
num_chunks_returned_to_freelist: 0.
num_chunks_taken_from_freelist: 1099.
num_chunk_merges: 0.
num_chunk_splits: 738.
num_chunks_enlarged: 542.
num_purges: 0.
num_inconsistent_stats: 0.

CodeHeap 'non-profiled nmethods': size=120000Kb used=1211Kb max_used=1211Kb free=118788Kb
 bounds [0x000001d742700000, 0x000001d742970000, 0x000001d749c30000]
CodeHeap 'profiled nmethods': size=120000Kb used=5961Kb max_used=5961Kb free=114038Kb
 bounds [0x000001d73ac30000, 0x000001d73b210000, 0x000001d742160000]
CodeHeap 'non-nmethods': size=5760Kb used=1199Kb max_used=1241Kb free=4560Kb
 bounds [0x000001d742160000, 0x000001d7423d0000, 0x000001d742700000]
 total_blobs=3354 nmethods=2857 adapters=409
 compilation: enabled
              stopped_count=0, restarted_count=0
 full_count=0

Compilation events (20 events):
Event: 4.237 Thread 0x000001d7508e1360 2831       3       java.util.LinkedHashSet::<init> (9 bytes)
Event: 4.237 Thread 0x000001d7508e1360 nmethod 2831 0x000001d73b1ea090 code [0x000001d73b1ea260, 0x000001d73b1ea3a8]
Event: 4.237 Thread 0x000001d7508e1360 2832       3       org.springframework.boot.context.properties.bind.JavaBeanBinder$Bean$$Lambda$389/0x0000000800e87320::apply (8 bytes)
Event: 4.237 Thread 0x000001d7508e1360 nmethod 2832 0x000001d73b1ea490 code [0x000001d73b1ea620, 0x000001d73b1ea858]
Event: 4.237 Thread 0x000001d7508e1360 2833       3       java.lang.CharacterDataLatin1::isUpperCase (16 bytes)
Event: 4.238 Thread 0x000001d7508e1360 nmethod 2833 0x000001d73b1ea910 code [0x000001d73b1eaac0, 0x000001d73b1eacb8]
Event: 4.238 Thread 0x000001d7508e1360 2834       3       java.lang.CharacterDataLatin1::getPropertiesEx (11 bytes)
Event: 4.238 Thread 0x000001d7508e1360 nmethod 2834 0x000001d73b1ead90 code [0x000001d73b1eaf20, 0x000001d73b1eb058]
Event: 4.240 Thread 0x000001d7508e1360 2835       3       org.springframework.boot.context.properties.source.SpringIterableConfigurationPropertySource::containsDescendantOf (102 bytes)
Event: 4.242 Thread 0x000001d7508e1360 nmethod 2835 0x000001d73b1eb110 code [0x000001d73b1eb400, 0x000001d73b1ec368]
Event: 4.242 Thread 0x000001d7508e1360 2839       3       org.springframework.boot.context.properties.source.SpringIterableConfigurationPropertySource$Mappings::updateMappings (261 bytes)
Event: 4.244 Thread 0x000001d7508e1360 nmethod 2839 0x000001d73b1ec890 code [0x000001d73b1ecca0, 0x000001d73b1eed28]
Event: 4.244 Thread 0x000001d7508e1360 2838       3       org.springframework.boot.context.properties.source.SpringIterableConfigurationPropertySource$$Lambda$99/0x0000000800cacf48::get (8 bytes)
Event: 4.245 Thread 0x000001d7508e1360 nmethod 2838 0x000001d73b1ef890 code [0x000001d73b1efa40, 0x000001d73b1efc08]
Event: 4.245 Thread 0x000001d7508e1360 2841   !   3       org.springframework.boot.context.properties.source.SpringIterableConfigurationPropertySource$Mappings::updateMappings (46 bytes)
Event: 4.245 Thread 0x000001d7508e1360 nmethod 2841 0x000001d73b1efd10 code [0x000001d73b1efee0, 0x000001d73b1f0398]
Event: 4.245 Thread 0x000001d7508e1360 2836       3       java.util.ArrayDeque::push (6 bytes)
Event: 4.245 Thread 0x000001d7508e1360 nmethod 2836 0x000001d73b1f0590 code [0x000001d73b1f0720, 0x000001d73b1f08e8]
Event: 4.245 Thread 0x000001d7508e1360 2837       3       org.springframework.core.MethodParameter::getMethod (23 bytes)
Event: 4.246 Thread 0x000001d7508e1360 nmethod 2837 0x000001d73b1f0990 code [0x000001d73b1f0b40, 0x000001d73b1f0eb8]

GC Heap History (6 events):
Event: 0.861 GC heap before
{Heap before GC invocations=0 (full 0):
 garbage-first heap   total 124928K, used 12288K [0x0000000086c00000, 0x0000000100000000)
  region size 1024K, 13 young (13312K), 0 survivors (0K)
 Metaspace       used 4281K, committed 4480K, reserved 1056768K
  class space    used 476K, committed 576K, reserved 1048576K
}
Event: 0.869 GC heap after
{Heap after GC invocations=1 (full 0):
 garbage-first heap   total 124928K, used 3472K [0x0000000086c00000, 0x0000000100000000)
  region size 1024K, 2 young (2048K), 2 survivors (2048K)
 Metaspace       used 4281K, committed 4480K, reserved 1056768K
  class space    used 476K, committed 576K, reserved 1048576K
}
Event: 1.550 GC heap before
{Heap before GC invocations=1 (full 0):
 garbage-first heap   total 124928K, used 15760K [0x0000000086c00000, 0x0000000100000000)
  region size 1024K, 15 young (15360K), 2 survivors (2048K)
 Metaspace       used 7852K, committed 8000K, reserved 1056768K
  class space    used 966K, committed 1024K, reserved 1048576K
}
Event: 1.555 GC heap after
{Heap after GC invocations=2 (full 0):
 garbage-first heap   total 124928K, used 5302K [0x0000000086c00000, 0x0000000100000000)
  region size 1024K, 2 young (2048K), 2 survivors (2048K)
 Metaspace       used 7852K, committed 8000K, reserved 1056768K
  class space    used 966K, committed 1024K, reserved 1048576K
}
Event: 2.036 GC heap before
{Heap before GC invocations=2 (full 0):
 garbage-first heap   total 124928K, used 27830K [0x0000000086c00000, 0x0000000100000000)
  region size 1024K, 25 young (25600K), 2 survivors (2048K)
 Metaspace       used 13980K, committed 14144K, reserved 1064960K
  class space    used 1709K, committed 1792K, reserved 1048576K
}
Event: 2.043 GC heap after
{Heap after GC invocations=3 (full 0):
 garbage-first heap   total 124928K, used 6672K [0x0000000086c00000, 0x0000000100000000)
  region size 1024K, 3 young (3072K), 3 survivors (3072K)
 Metaspace       used 13980K, committed 14144K, reserved 1064960K
  class space    used 1709K, committed 1792K, reserved 1048576K
}

Dll operation events (9 events):
Event: 0.013 Loaded shared library C:\Users\Cawe\.jdks\corretto-17.0.6\bin\java.dll
Event: 0.032 Loaded shared library C:\Users\Cawe\.jdks\corretto-17.0.6\bin\jsvml.dll
Event: 0.178 Loaded shared library C:\Users\Cawe\.jdks\corretto-17.0.6\bin\zip.dll
Event: 0.182 Loaded shared library C:\Users\Cawe\.jdks\corretto-17.0.6\bin\instrument.dll
Event: 0.194 Loaded shared library C:\Users\Cawe\.jdks\corretto-17.0.6\bin\net.dll
Event: 0.196 Loaded shared library C:\Users\Cawe\.jdks\corretto-17.0.6\bin\nio.dll
Event: 0.201 Loaded shared library C:\Users\Cawe\.jdks\corretto-17.0.6\bin\zip.dll
Event: 0.275 Loaded shared library D:\IntelliJ IDEA Community Edition 2023.1\bin\breakgen64.dll
Event: 0.348 Loaded shared library C:\Users\Cawe\.jdks\corretto-17.0.6\bin\jimage.dll

Deoptimization events (20 events):
Event: 3.973 Thread 0x000001d733127600 Uncommon trap: trap_request=0xffffff45 fr.pc=0x000001d7427ac9bc relative=0x0000000000000cbc
Event: 3.973 Thread 0x000001d733127600 Uncommon trap: reason=unstable_if action=reinterpret pc=0x000001d7427ac9bc method=java.util.Properties$LineReader.readLine()I @ 25 c2
Event: 3.973 Thread 0x000001d733127600 DEOPT PACKING pc=0x000001d7427ac9bc sp=0x00000001005fc860
Event: 3.973 Thread 0x000001d733127600 DEOPT UNPACKING pc=0x000001d7421b69a3 sp=0x00000001005fc7f8 mode 2
Event: 3.974 Thread 0x000001d733127600 Uncommon trap: trap_request=0xffffff76 fr.pc=0x000001d74279b93c relative=0x000000000000109c
Event: 3.974 Thread 0x000001d733127600 Uncommon trap: reason=predicate action=maybe_recompile pc=0x000001d74279b93c method=java.util.Properties$LineReader.readLine()I @ 53 c2
Event: 3.974 Thread 0x000001d733127600 DEOPT PACKING pc=0x000001d74279b93c sp=0x00000001005fc850
Event: 3.974 Thread 0x000001d733127600 DEOPT UNPACKING pc=0x000001d7421b69a3 sp=0x00000001005fc800 mode 2
Event: 3.974 Thread 0x000001d733127600 DEOPT PACKING pc=0x000001d73ad358e6 sp=0x00000001005fc830
Event: 3.974 Thread 0x000001d733127600 DEOPT UNPACKING pc=0x000001d7421b7143 sp=0x00000001005fbcf8 mode 0
Event: 3.975 Thread 0x000001d733127600 DEOPT PACKING pc=0x000001d73ad358e6 sp=0x00000001005fc830
Event: 3.975 Thread 0x000001d733127600 DEOPT UNPACKING pc=0x000001d7421b7143 sp=0x00000001005fbcf8 mode 0
Event: 3.977 Thread 0x000001d733127600 DEOPT PACKING pc=0x000001d73ad358e6 sp=0x00000001005fc830
Event: 3.977 Thread 0x000001d733127600 DEOPT UNPACKING pc=0x000001d7421b7143 sp=0x00000001005fbcf8 mode 0
Event: 3.977 Thread 0x000001d733127600 DEOPT PACKING pc=0x000001d73af84f25 sp=0x00000001005fc8f0
Event: 3.977 Thread 0x000001d733127600 DEOPT UNPACKING pc=0x000001d7421b7143 sp=0x00000001005fbde8 mode 0
Event: 4.022 Thread 0x000001d733127600 Uncommon trap: trap_request=0xffffff45 fr.pc=0x000001d7428226d0 relative=0x00000000000026b0
Event: 4.022 Thread 0x000001d733127600 Uncommon trap: reason=unstable_if action=reinterpret pc=0x000001d7428226d0 method=org.springframework.beans.factory.support.AbstractAutowireCapableBeanFactory.predictBeanType(Ljava/lang/String;Lorg/springframework/beans/factory/support/RootBeanDefinition;
Event: 4.022 Thread 0x000001d733127600 DEOPT PACKING pc=0x000001d7428226d0 sp=0x00000001005fd5a0
Event: 4.022 Thread 0x000001d733127600 DEOPT UNPACKING pc=0x000001d7421b69a3 sp=0x00000001005fd4d8 mode 2

Classes unloaded (0 events):
No events

Classes redefined (0 events):
No events

Internal exceptions (20 events):
Event: 3.345 Thread 0x000001d733127600 Exception <a 'java/lang/NoSuchMethodError'{0x000000008cf82540}: 'int java.lang.invoke.DirectMethodHandle$Holder.invokeVirtual(java.lang.Object, java.lang.Object)'> (0x000000008cf82540) 
thrown [s\src\hotspot\share\interpreter\linkResolver.cpp, line 759]
Event: 3.346 Thread 0x000001d733127600 Exception <a 'java/lang/NoSuchMethodError'{0x000000008cf86740}: 'int java.lang.invoke.DirectMethodHandle$Holder.invokeStaticInit(java.lang.Object, int, int)'> (0x000000008cf86740) 
thrown [s\src\hotspot\share\interpreter\linkResolver.cpp, line 759]
Event: 3.347 Thread 0x000001d733127600 Exception <a 'java/lang/NoSuchMethodError'{0x000000008cf8e028}: 'int java.lang.invoke.DirectMethodHandle$Holder.invokeStaticInit(java.lang.Object, long, long)'> (0x000000008cf8e028) 
thrown [s\src\hotspot\share\interpreter\linkResolver.cpp, line 759]
Event: 3.349 Thread 0x000001d733127600 Exception <a 'java/lang/NoSuchMethodError'{0x000000008cf94e78}: 'int java.lang.invoke.DirectMethodHandle$Holder.invokeStaticInit(java.lang.Object, float, float)'> (0x000000008cf94e78) 
thrown [s\src\hotspot\share\interpreter\linkResolver.cpp, line 759]
Event: 3.351 Thread 0x000001d733127600 Exception <a 'java/lang/NoSuchMethodError'{0x000000008cf9bcd0}: 'int java.lang.invoke.DirectMethodHandle$Holder.invokeStaticInit(java.lang.Object, double, double)'> (0x000000008cf9bcd0) 
thrown [s\src\hotspot\share\interpreter\linkResolver.cpp, line 759]
Event: 3.352 Thread 0x000001d733127600 Exception <a 'java/lang/NoSuchMethodError'{0x000000008cfa02a0}: 'int java.lang.invoke.DirectMethodHandle$Holder.invokeStatic(java.lang.Object, long)'> (0x000000008cfa02a0) 
thrown [s\src\hotspot\share\interpreter\linkResolver.cpp, line 759]
Event: 3.358 Thread 0x000001d733127600 Exception <a 'java/lang/NoSuchMethodError'{0x000000008cfc4de0}: 'int java.lang.invoke.DirectMethodHandle$Holder.invokeSpecial(java.lang.Object, java.lang.Object, int)'> (0x000000008cfc4de0) 
thrown [s\src\hotspot\share\interpreter\linkResolver.cpp, line 759]
Event: 3.360 Thread 0x000001d733127600 Exception <a 'java/lang/NoSuchMethodError'{0x000000008cfcc740}: 'int java.lang.invoke.Invokers$Holder.linkToTargetMethod(java.lang.Object, java.lang.Object)'> (0x000000008cfcc740) 
thrown [s\src\hotspot\share\interpreter\linkResolver.cpp, line 759]
Event: 3.392 Thread 0x000001d733127600 Exception <a 'java/lang/NoSuchMethodError'{0x000000008ce732d8}: 'java.lang.Object java.lang.invoke.DirectMethodHandle$Holder.invokeSpecial(java.lang.Object, java.lang.Object, java.lang.Object, java.lang.Object, java.lang.Object, java.lang.Object, java.lang.Object, java.lang.Object, java.lang.Object, java.lang.Object)'> (0x000000008ce732d8) 
thrown [s\src\hotspot\share\interpreter\linkResolver.cpp, line 759]
Event: 3.393 Thread 0x000001d733127600 Exception <a 'java/lang/NoSuchMethodError'{0x000000008ce778c0}: 'java.lang.Object java.lang.invoke.Invokers$Holder.invoke_MT(java.lang.Object, java.lang.Object, java.lang.Object, java.lang.Object, java.lang.Object, java.lang.Object, java.lang.Object, java.lang.Object, java.lang.Object, java.lang.Object)'> (0x000000008ce778c0) 
thrown [s\src\hotspot\share\interpreter\linkResolver.cpp, line 759]
Event: 3.406 Thread 0x000001d733127600 Exception <a 'java/lang/NoSuchMethodError'{0x000000008ceb6428}: 'java.lang.Object java.lang.invoke.DirectMethodHandle$Holder.invokeSpecial(java.lang.Object, java.lang.Object, int, java.lang.Object, java.lang.Object)'> (0x000000008ceb6428) 
thrown [s\src\hotspot\share\interpreter\linkResolver.cpp, line 759]
Event: 3.407 Thread 0x000001d733127600 Exception <a 'java/lang/NoSuchMethodError'{0x000000008ceba0d0}: 'java.lang.Object java.lang.invoke.DelegatingMethodHandle$Holder.delegate(java.lang.Object, int, java.lang.Object, java.lang.Object)'> (0x000000008ceba0d0) 
thrown [s\src\hotspot\share\interpreter\linkResolver.cpp, line 759]
Event: 3.411 Thread 0x000001d733127600 Exception <a 'java/lang/NoSuchMethodError'{0x000000008cecaf58}: 'int java.lang.invoke.Invokers$Holder.linkToTargetMethod(java.lang.Object, java.lang.Object, java.lang.Object)'> (0x000000008cecaf58) 
thrown [s\src\hotspot\share\interpreter\linkResolver.cpp, line 759]
Event: 3.626 Thread 0x000001d733127600 Exception <a 'java/lang/NoClassDefFoundError'{0x000000008cdd9dc8}: org/flywaydb/core/Flyway> (0x000000008cdd9dc8) 
thrown [s\src\hotspot\share\classfile\systemDictionary.cpp, line 245]
Event: 3.626 Thread 0x000001d733127600 Exception <a 'java/lang/NoClassDefFoundError'{0x000000008cddaff8}: liquibase/integration/spring/SpringLiquibase> (0x000000008cddaff8) 
thrown [s\src\hotspot\share\classfile\systemDictionary.cpp, line 245]
Event: 3.841 Thread 0x000001d733127600 Exception <a 'java/lang/NoSuchMethodError'{0x000000008c9e37e0}: 'void java.lang.invoke.DirectMethodHandle$Holder.invokeSpecial(java.lang.Object, java.lang.Object, java.lang.Object, java.lang.Object, java.lang.Object, java.lang.Object)'> (0x000000008c9e37e0) 
thrown [s\src\hotspot\share\interpreter\linkResolver.cpp, line 759]
Event: 3.974 Thread 0x000001d733127600 Implicit null exception at 0x000001d74279a996 to 0x000001d74279b8e4
Event: 4.173 Thread 0x000001d733127600 Exception <a 'java/lang/NoSuchMethodError'{0x000000008c498070}: 'void java.lang.invoke.DirectMethodHandle$Holder.invokeInterface(java.lang.Object, java.lang.Object, int)'> (0x000000008c498070) 
thrown [s\src\hotspot\share\interpreter\linkResolver.cpp, line 759]
Event: 4.186 Thread 0x000001d733127600 Exception <a 'java/lang/IncompatibleClassChangeError'{0x000000008c4e7f28}: Found class java.lang.Object, but interface was expected> (0x000000008c4e7f28) 
thrown [s\src\hotspot\share\interpreter\linkResolver.cpp, line 826]
Event: 4.187 Thread 0x000001d733127600 Exception <a 'java/lang/NoSuchMethodError'{0x000000008c4ed010}: 'void java.lang.invoke.DirectMethodHandle$Holder.invokeStatic(java.lang.Object, int, java.lang.Object)'> (0x000000008c4ed010) 
thrown [s\src\hotspot\share\interpreter\linkResolver.cpp, line 759]

VM Operations (20 events):
Event: 1.550 Executing VM operation: G1CollectForAllocation
Event: 1.555 Executing VM operation: G1CollectForAllocation done
Event: 1.757 Executing VM operation: HandshakeAllThreads
Event: 1.757 Executing VM operation: HandshakeAllThreads done
Event: 2.028 Executing VM operation: HandshakeAllThreads
Event: 2.028 Executing VM operation: HandshakeAllThreads done
Event: 2.036 Executing VM operation: G1CollectForAllocation
Event: 2.043 Executing VM operation: G1CollectForAllocation done
Event: 2.856 Executing VM operation: ICBufferFull
Event: 2.856 Executing VM operation: ICBufferFull done
Event: 3.324 Executing VM operation: HandshakeAllThreads
Event: 3.324 Executing VM operation: HandshakeAllThreads done
Event: 3.372 Executing VM operation: HandshakeAllThreads
Event: 3.373 Executing VM operation: HandshakeAllThreads done
Event: 3.675 Executing VM operation: ICBufferFull
Event: 3.675 Executing VM operation: ICBufferFull done
Event: 3.852 Executing VM operation: HandshakeAllThreads
Event: 3.852 Executing VM operation: HandshakeAllThreads done
Event: 3.854 Executing VM operation: HandshakeAllThreads
Event: 3.854 Executing VM operation: HandshakeAllThreads done

Events (20 events):
Event: 4.036 loading class javax/management/NotificationBroadcaster done
Event: 4.036 loading class javax/management/NotificationEmitter done
Event: 4.042 loading class javax/management/MBeanRegistration
Event: 4.042 loading class javax/management/MBeanRegistration done
Event: 4.127 loading class java/beans/Introspector
Event: 4.128 loading class java/beans/Introspector done
Event: 4.128 loading class java/beans/EventSetDescriptor
Event: 4.128 loading class java/beans/EventSetDescriptor done
Event: 4.128 loading class java/beans/Introspector$1
Event: 4.128 loading class jdk/internal/access/JavaBeansAccess
Event: 4.128 loading class jdk/internal/access/JavaBeansAccess done
Event: 4.128 loading class java/beans/Introspector$1 done
Event: 4.151 loading class java/util/Collections$UnmodifiableMap$UnmodifiableEntrySet
Event: 4.151 loading class java/util/Collections$UnmodifiableMap$UnmodifiableEntrySet done
Event: 4.151 loading class java/util/Collections$UnmodifiableMap$UnmodifiableEntrySet$1
Event: 4.151 loading class java/util/Collections$UnmodifiableMap$UnmodifiableEntrySet$1 done
Event: 4.159 loading class java/lang/Class$EnclosingMethodInfo
Event: 4.159 loading class java/lang/Class$EnclosingMethodInfo done
Event: 4.159 loading class java/lang/reflect/AnnotatedType
Event: 4.159 loading class java/lang/reflect/AnnotatedType done


Dynamic libraries:
0x00007ff61de40000 - 0x00007ff61de4d000 	C:\Users\Cawe\.jdks\corretto-17.0.6\bin\java.exe
0x00007ffe09bf0000 - 0x00007ffe09de8000 	C:\Windows\SYSTEM32\ntdll.dll
0x00007ffe07f70000 - 0x00007ffe0802f000 	C:\Windows\System32\KERNEL32.DLL
0x00007ffe07370000 - 0x00007ffe07666000 	C:\Windows\System32\KERNELBASE.dll
0x00007ffe07980000 - 0x00007ffe07a80000 	C:\Windows\System32\ucrtbase.dll
0x00007ffe00600000 - 0x00007ffe00617000 	C:\Users\Cawe\.jdks\corretto-17.0.6\bin\jli.dll
0x00007ffe080a0000 - 0x00007ffe0823d000 	C:\Windows\System32\USER32.dll
0x00007ffe07920000 - 0x00007ffe07942000 	C:\Windows\System32\win32u.dll
0x00007ffe08fe0000 - 0x00007ffe0900c000 	C:\Windows\System32\GDI32.dll
0x00007ffe07670000 - 0x00007ffe07785000 	C:\Windows\System32\gdi32full.dll
0x00007ffe072d0000 - 0x00007ffe0736d000 	C:\Windows\System32\msvcp_win.dll
0x00007ffe01a10000 - 0x00007ffe01a25000 	C:\Users\Cawe\.jdks\corretto-17.0.6\bin\VCRUNTIME140.dll
0x00007ffded7d0000 - 0x00007ffdeda6a000 	C:\Windows\WinSxS\amd64_microsoft.windows.common-controls_6595b64144ccf1df_6.0.19041.1110_none_60b5254171f9507e\COMCTL32.dll
0x00007ffe08f30000 - 0x00007ffe08fce000 	C:\Windows\System32\msvcrt.dll
0x00007ffe09010000 - 0x00007ffe09040000 	C:\Windows\System32\IMM32.DLL
0x00007ffde0aa0000 - 0x00007ffde0b3b000 	C:\Users\Cawe\.jdks\corretto-17.0.6\bin\msvcp140.dll
0x00007ffdb3240000 - 0x00007ffdb3e58000 	C:\Users\Cawe\.jdks\corretto-17.0.6\bin\server\jvm.dll
0x00007ffe090e0000 - 0x00007ffe0918f000 	C:\Windows\System32\ADVAPI32.dll
0x00007ffe09040000 - 0x00007ffe090dc000 	C:\Windows\System32\sechost.dll
0x00007ffe093c0000 - 0x00007ffe094e6000 	C:\Windows\System32\RPCRT4.dll
0x00007ffdf3090000 - 0x00007ffdf3099000 	C:\Windows\SYSTEM32\WSOCK32.dll
0x00007ffe08030000 - 0x00007ffe0809b000 	C:\Windows\System32\WS2_32.dll
0x00007ffdefd90000 - 0x00007ffdefdb7000 	C:\Windows\SYSTEM32\WINMM.dll
0x00007ffdffb20000 - 0x00007ffdffb2a000 	C:\Windows\SYSTEM32\VERSION.dll
0x00007ffe05b20000 - 0x00007ffe05b32000 	C:\Windows\SYSTEM32\kernel.appcore.dll
0x00007ffe01780000 - 0x00007ffe0178a000 	C:\Users\Cawe\.jdks\corretto-17.0.6\bin\jimage.dll
0x00007ffdf5940000 - 0x00007ffdf5b24000 	C:\Windows\SYSTEM32\DBGHELP.DLL
0x00007ffdf5900000 - 0x00007ffdf5934000 	C:\Windows\SYSTEM32\dbgcore.DLL
0x00007ffe07790000 - 0x00007ffe07812000 	C:\Windows\System32\bcryptPrimitives.dll
0x00007ffe006e0000 - 0x00007ffe006ee000 	C:\Users\Cawe\.jdks\corretto-17.0.6\bin\instrument.dll
0x00007ffde3a20000 - 0x00007ffde3a45000 	C:\Users\Cawe\.jdks\corretto-17.0.6\bin\java.dll
0x00007ffdcea90000 - 0x00007ffdceb66000 	C:\Users\Cawe\.jdks\corretto-17.0.6\bin\jsvml.dll
0x00007ffe08320000 - 0x00007ffe08a64000 	C:\Windows\System32\SHELL32.dll
0x00007ffe04950000 - 0x00007ffe050e3000 	C:\Windows\SYSTEM32\windows.storage.dll
0x00007ffe08a70000 - 0x00007ffe08dc4000 	C:\Windows\System32\combase.dll
0x00007ffe06d30000 - 0x00007ffe06d5e000 	C:\Windows\SYSTEM32\Wldp.dll
0x00007ffe07c70000 - 0x00007ffe07d1d000 	C:\Windows\System32\SHCORE.dll
0x00007ffe08e60000 - 0x00007ffe08eb5000 	C:\Windows\System32\shlwapi.dll
0x00007ffe07210000 - 0x00007ffe0722f000 	C:\Windows\SYSTEM32\profapi.dll
0x00007ffde1090000 - 0x00007ffde10a8000 	C:\Users\Cawe\.jdks\corretto-17.0.6\bin\zip.dll
0x00007ffdf5890000 - 0x00007ffdf58a9000 	C:\Users\Cawe\.jdks\corretto-17.0.6\bin\net.dll
0x00007ffdfb400000 - 0x00007ffdfb50a000 	C:\Windows\SYSTEM32\WINHTTP.dll
0x00007ffe06a90000 - 0x00007ffe06afa000 	C:\Windows\system32\mswsock.dll
0x00007ffde3a00000 - 0x00007ffde3a15000 	C:\Users\Cawe\.jdks\corretto-17.0.6\bin\nio.dll
0x00007ffded720000 - 0x00007ffded73a000 	D:\IntelliJ IDEA Community Edition 2023.1\bin\breakgen64.dll

dbghelp: loaded successfully - version: 4.0.5 - missing functions: none
symbol engine: initialized successfully - sym options: 0x614 - pdb path: .;C:\Users\Cawe\.jdks\corretto-17.0.6\bin;C:\Windows\SYSTEM32;C:\Windows\WinSxS\amd64_microsoft.windows.common-controls_6595b64144ccf1df_6.0.19041.1110_none_60b5254171f9507e;C:\Users\Cawe\.jdks\corretto-17.0.6\bin\server;D:\IntelliJ IDEA Community Edition 2023.1\bin

VM Arguments:
jvm_args: -javaagent:D:\IntelliJ IDEA Community Edition 2023.1\lib\idea_rt.jar=53140:D:\IntelliJ IDEA Community Edition 2023.1\bin -Dfile.encoding=UTF-8 
java_command: com.cawe.poemon.PoemonApplication
java_class_path (initial): C:\Users\Cawe\Downloads\poemon\poemon\target\classes;C:\Users\Cawe\.m2\repository\org\springframework\boot\spring-boot-starter-web\3.0.6\spring-boot-starter-web-3.0.6.jar;C:\Users\Cawe\.m2\repository\org\springframework\boot\spring-boot-starter\3.0.6\spring-boot-starter-3.0.6.jar;C:\Users\Cawe\.m2\repository\org\springframework\boot\spring-boot\3.0.6\spring-boot-3.0.6.jar;C:\Users\Cawe\.m2\repository\org\springframework\boot\spring-boot-autoconfigure\3.0.6\spring-boot-autoconfigure-3.0.6.jar;C:\Users\Cawe\.m2\repository\org\springframework\boot\spring-boot-starter-logging\3.0.6\spring-boot-starter-logging-3.0.6.jar;C:\Users\Cawe\.m2\repository\ch\qos\logback\logback-classic\1.4.7\logback-classic-1.4.7.jar;C:\Users\Cawe\.m2\repository\ch\qos\logback\logback-core\1.4.7\logback-core-1.4.7.jar;C:\Users\Cawe\.m2\repository\org\apache\logging\log4j\log4j-to-slf4j\2.19.0\log4j-to-slf4j-2.19.0.jar;C:\Users\Cawe\.m2\repository\org\apache\logging\log4j\log4j-api\2.19.0\log4j-api-2.19.0.jar;C:\Users\Cawe\.m2\repository\org\slf4j\jul-to-slf4j\2.0.7\jul-to-slf4j-2.0.7.jar;C:\Users\Cawe\.m2\repository\jakarta\annotation\jakarta.annotation-api\2.1.1\jakarta.annotation-api-2.1.1.jar;C:\Users\Cawe\.m2\repository\org\yaml\snakeyaml\1.33\snakeyaml-1.33.jar;C:\Users\Cawe\.m2\repository\org\springframework\boot\spring-boot-starter-json\3.0.6\spring-boot-starter-json-3.0.6.jar;C:\Users\Cawe\.m2\repository\com\fasterxml\jackson\core\jackson-databind\2.14.2\jackson-databind-2.14.2.jar;C:\Users\Cawe\.m2\repository\com\fasterxml\jackson\core\jackson-annotations\2.14.2\jackson-annotations-2.14.2.jar;C:\Users\Cawe\.m2\repository\com\fasterxml\jackson\core\jackson-core\2.14.2\jackson-core-2.14.2.jar;C:\Users\Cawe\.m2\repository\com\fasterxml\jackson\datatype\jackson-datatype-jdk8\2.14.2\jackson-datatype-jdk8-2.14.2.jar;C:\Users\Cawe\.m2\repository\com\fasterxml\jackson\datatype\jackson-datatype-jsr310\2.14.2\jackson-datatype-jsr310-2.14.2.jar;C:\Users\Cawe\.m2\repos
Launcher Type: SUN_STANDARD

[Global flags]
     intx CICompilerCount                          = 3                                         {product} {ergonomic}
     uint ConcGCThreads                            = 1                                         {product} {ergonomic}
     uint G1ConcRefinementThreads                  = 4                                         {product} {ergonomic}
   size_t G1HeapRegionSize                         = 1048576                                   {product} {ergonomic}
    uintx GCDrainStackTargetSize                   = 64                                        {product} {ergonomic}
   size_t InitialHeapSize                          = 127926272                                 {product} {ergonomic}
   size_t MarkStackSize                            = 4194304                                   {product} {ergonomic}
   size_t MaxHeapSize                              = 2034237440                                {product} {ergonomic}
   size_t MaxNewSize                               = 1220542464                                {product} {ergonomic}
   size_t MinHeapDeltaBytes                        = 1048576                                   {product} {ergonomic}
   size_t MinHeapSize                              = 8388608                                   {product} {ergonomic}
    uintx NonNMethodCodeHeapSize                   = 5832780                                {pd product} {ergonomic}
    uintx NonProfiledCodeHeapSize                  = 122912730                              {pd product} {ergonomic}
    uintx ProfiledCodeHeapSize                     = 122912730                              {pd product} {ergonomic}
    uintx ReservedCodeCacheSize                    = 251658240                              {pd product} {ergonomic}
     bool SegmentedCodeCache                       = true                                      {product} {ergonomic}
   size_t SoftMaxHeapSize                          = 2034237440                             {manageable} {ergonomic}
     bool UseCompressedClassPointers               = true                           {product lp64_product} {ergonomic}
     bool UseCompressedOops                        = true                           {product lp64_product} {ergonomic}
     bool UseG1GC                                  = true                                      {product} {ergonomic}
     bool UseLargePagesIndividualAllocation        = false                                  {pd product} {ergonomic}

Logging:
Log output configuration:
 #0: stdout all=warning uptime,level,tags
 #1: stderr all=off uptime,level,tags

Environment Variables:
PATH=C:\Users\Cawe\Downloads\WINDOWS.X64_193000_client_home\bin;C:\Program Files (x86)\Common Files\Oracle\Java\javapath;C:\app\client\Cawe\product\12.2.0\client_1;C:\app\client\Cawe\product\12.2.0\client_1\bin;C:\Program Files\Microsoft\jdk-11.0.12.7-hotspot\bin;C:\Windows\system32;C:\Windows;C:\Windows\System32\Wbem;C:\Windows\System32\WindowsPowerShell\v1.0\;C:\Windows\System32\OpenSSH\;C:\Program Files\Microsoft SQL Server\150\Tools\Binn\;C:\Program Files\Microsoft SQL Server\Client SDK\ODBC\170\Tools\Binn\;C:\Program Files\dotnet\;C:\php8.1.0;C:\ProgramData\ComposerSetup\bin;C:\Program Files\nodejs;C:\instantclient_12_2;C:\Users\Cawe\Documents\oracle;C:\Users\Cawe\Documents\oracle\odp.net20\bin;C:\Users\Cawe\Documents\oracle\odp.net4\bin;C:\Users\Cawe\Documents\oracle\oramts\bin;C:\Program Files\Git\cmd;C:\Program Files\Go\bin;C:\Program Files\Docker\Docker\resources\bin;C:\Users\Cawe\Downloads\ngrok-v3-stable-windows-amd64 (1);C:\Users\Cawe\AppData\Local\Microsoft\WindowsApps;C:\Users\Cawe\.dotnet\tools;C:\Users\Cawe\AppData\Roaming\Composer\vendor\bin;C:\Users\Cawe\AppData\Local\Programs\Microsoft VS Code\bin;C:\Users\Cawe\AppData\Roaming\npm;C:\Users\Cawe\go\bin;C:\Users\Cawe\AppData\Local\GitHubDesktop\bin;D:\IntelliJ IDEA Community Edition 2023.1\bin;
USERNAME=Cawe
OS=Windows_NT
PROCESSOR_IDENTIFIER=Intel64 Family 6 Model 58 Stepping 9, GenuineIntel
TMP=C:\Users\Cawe\AppData\Local\Temp
TEMP=C:\Users\Cawe\AppData\Local\Temp



---------------  S Y S T E M  ---------------

OS:
 Windows 10 , 64 bit Build 19041 (10.0.19041.2913)
OS uptime: 0 days 7:17 hours

CPU: total 4 (initial active 4) (2 cores per cpu, 2 threads per core) family 6 model 58 stepping 9 microcode 0x21, cx8, cmov, fxsr, ht, mmx, sse, sse2, sse3, ssse3, sse4.1, sse4.2, popcnt, tsc, tscinvbit, avx, aes, erms, clmul, vzeroupper, clflush

Memory: 4k page, system-wide physical 7757M (799M free)
TotalPageFile size 11806M (AvailPageFile size 5M)
current process WorkingSet (physical memory assigned to process): 136M, peak: 136M
current process commit charge ("private bytes"): 254M, peak: 255M

vm_info: OpenJDK 64-Bit Server VM (17.0.6+10-LTS) for windows-amd64 JRE (17.0.6+10-LTS), built on Jan 13 2023 22:57:04 by "Administrator" with MS VC++ 15.9 (VS2017)

END.
